<?xml version="1.0" encoding="UTF-8"?>
<!-- Generated by org.testng.reporters.JUnitReportReporter -->
<testsuite hostname="LAPTOP-SSV1DC61" failures="0" tests="4" name="testng_assignment.herokuappTestng" time="21.570" errors="0" timestamp="2023-05-15T14:45:35 IST" skipped="0">
  <testcase classname="testng_assignment.herokuappTestng" name="multipleWindows" time="7.093"/>
  <system-out/>
  <testcase classname="testng_assignment.herokuappTestng" name="multipleFrames" time="2.196"/>
  <system-out/>
  <testcase classname="testng_assignment.herokuappTestng" name="dragAndDropAction" time="8.877"/>
  <system-out/>
  <testcase classname="testng_assignment.herokuappTestng" name="mouseHover" time="3.404"/>
  <system-out/>
</testsuite> <!-- testng_assignment.herokuappTestng -->
