<?xml version="1.0" encoding="UTF-8"?>
<!-- Generated by org.testng.reporters.JUnitReportReporter -->
<testsuite hostname="LAPTOP-SSV1DC61" failures="0" tests="1" name="testng_assignment.herokuapp" time="11.906" errors="0" timestamp="2023-03-30T09:17:25 IST" skipped="0">
  <testcase classname="testng_assignment.herokuapp" name="dragAndDropAction" time="11.906"/>
  <system-out/>
</testsuite> <!-- testng_assignment.herokuapp -->
